<?xml version="1.0" encoding="UTF-8"?>
<testsuite name="org.mindtree.employeemanagement.controller.EmployeeControllerTest" time="3.209" tests="8" errors="0" skipped="0" failures="0">
  <properties>
[...]
</properties>
  <testcase name="verifyaddEmployee" classname="org.mindtree.employeemanagement.controller.EmployeeControllerTest" time="1.748"/>
  <testcase name="verifyUserPassword" classname="org.mindtree.employeemanagement.controller.EmployeeControllerTest" time="0.818"/>
  <testcase name="verifyInvalidGetId" classname="org.mindtree.employeemanagement.controller.EmployeeControllerTest" time="0.145"/>
  <testcase name="verifyInvalidDeleteId" classname="org.mindtree.employeemanagement.controller.EmployeeControllerTest" time="0.09"/>
  <testcase name="verifyNoUserExit" classname="org.mindtree.employeemanagement.controller.EmployeeControllerTest" time="0.09"/>
  <testcase name="getEmployeeById" classname="org.mindtree.employeemanagement.controller.EmployeeControllerTest" time="0.073"/>
  <testcase name="getAllEmployee" classname="org.mindtree.employeemanagement.controller.EmployeeControllerTest" time="0.173"/>
  <testcase name="deleteEmployeeById" classname="org.mindtree.employeemanagement.controller.EmployeeControllerTest" time="0.072"/>
</testsuite>